#
# There is insufficient memory for the Java Runtime Environment to continue.
# Native memory allocation (malloc) failed to allocate 1075696 bytes for Chunk::new
# Possible reasons:
#   The system is out of physical RAM or swap space
#   The process is running with CompressedOops enabled, and the Java Heap may be blocking the growth of the native heap
# Possible solutions:
#   Reduce memory load on the system
#   Increase physical memory or swap space
#   Check if swap backing store is full
#   Decrease Java heap size (-Xmx/-Xms)
#   Decrease number of Java threads
#   Decrease Java thread stack sizes (-Xss)
#   Set larger code cache with -XX:ReservedCodeCacheSize=
#   JVM is running with Unscaled Compressed Oops mode in which the Java heap is
#     placed in the first 4GB address space. The Java Heap base address is the
#     maximum limit for the native heap growth. Please use -XX:HeapBaseMinAddress
#     to set the Java Heap base and to place the Java Heap above 4GB virtual address.
# This output file may be truncated or incomplete.
#
#  Out of Memory Error (./src/hotspot/share/memory/arena.cpp:197), pid=7080, tid=18568
#
# JRE version: OpenJDK Runtime Environment (11.0.13) (build 11.0.13+0-b1751.21-8125866)
# Java VM: OpenJDK 64-Bit Server VM (11.0.13+0-b1751.21-8125866, mixed mode, tiered, compressed oops, g1 gc, windows-amd64)
# No core dump will be written. Minidumps are not enabled by default on client versions of Windows
#

---------------  S U M M A R Y ------------

Command Line: --add-opens=java.base/java.util=ALL-UNNAMED --add-opens=java.base/java.lang=ALL-UNNAMED --add-opens=java.base/java.lang.invoke=ALL-UNNAMED --add-opens=java.base/java.util=ALL-UNNAMED --add-opens=java.prefs/java.util.prefs=ALL-UNNAMED --add-opens=java.prefs/java.util.prefs=ALL-UNNAMED --add-opens=java.base/java.nio.charset=ALL-UNNAMED --add-opens=java.base/java.net=ALL-UNNAMED --add-opens=java.base/java.util.concurrent.atomic=ALL-UNNAMED -Xmx2048m -Dfile.encoding=UTF-8 -Duser.country=US -Duser.language=en -Duser.variant org.gradle.launcher.daemon.bootstrap.GradleDaemon 7.4

Host: Intel(R) Core(TM) i7-8550U CPU @ 1.80GHz, 8 cores, 7G,  Windows 10 , 64 bit Build 19041 (10.0.19041.1889)
Time: Mon Dec  5 20:00:53 2022 Eastern Standard Time elapsed time: 14.477485 seconds (0d 0h 0m 14s)

---------------  T H R E A D  ---------------

Current thread (0x000001eb494e0000):  JavaThread "C2 CompilerThread0" daemon [_thread_in_native, id=18568, stack(0x000000d6c6300000,0x000000d6c6400000)]


Current CompileTask:
C2:  14477 6407       4       java.util.TreeMap::put (247 bytes)

Stack: [0x000000d6c6300000,0x000000d6c6400000]
Native frames: (J=compiled Java code, j=interpreted, Vv=VM code, C=native code)
V  [jvm.dll+0x6100fa]
V  [jvm.dll+0x747090]
V  [jvm.dll+0x7486ad]
V  [jvm.dll+0x748d83]
V  [jvm.dll+0x24ab48]
V  [jvm.dll+0xc04dc]
V  [jvm.dll+0xc0a0c]
V  [jvm.dll+0x35eb5b]
V  [jvm.dll+0x32b833]
V  [jvm.dll+0x32ad2a]
V  [jvm.dll+0x2032b2]
V  [jvm.dll+0x202437]
V  [jvm.dll+0x188e01]
V  [jvm.dll+0x21106b]
V  [jvm.dll+0x20f8c1]
V  [jvm.dll+0x70de0f]
V  [jvm.dll+0x706a75]
V  [jvm.dll+0x60ed66]
C  [ucrtbase.dll+0x21bb2]
C  [KERNEL32.DLL+0x17034]
C  [ntdll.dll+0x526a1]


---------------  P R O C E S S  ---------------

Threads class SMR info:
_java_thread_list=0x000001eb4d9ca6a0, length=122, elements={
0x000001eb2f01c800, 0x000001eb494bf000, 0x000001eb494c4800, 0x000001eb494da000,
0x000001eb494db800, 0x000001eb494dc800, 0x000001eb494e0000, 0x000001eb494e9000,
0x000001eb494f0000, 0x000001eb49f98000, 0x000001eb4c2d9800, 0x000001eb4caad800,
0x000001eb4bcde800, 0x000001eb4b13f800, 0x000001eb4cb9e800, 0x000001eb4ceae000,
0x000001eb4abe5800, 0x000001eb4c30b800, 0x000001eb4d4e0800, 0x000001eb4c889000,
0x000001eb4cfa4800, 0x000001eb4cfa5800, 0x000001eb4cfa6000, 0x000001eb4cfa8000,
0x000001eb4cfa7000, 0x000001eb4cfa2000, 0x000001eb4cfa3800, 0x000001eb4cfa8800,
0x000001eb4cfa3000, 0x000001eb4d048000, 0x000001eb4d04b000, 0x000001eb4d048800,
0x000001eb4d049800, 0x000001eb4d04d800, 0x000001eb4d04c000, 0x000001eb4d04e800,
0x000001eb4d04a000, 0x000001eb4d055000, 0x000001eb4d051000, 0x000001eb4d051800,
0x000001eb4d052800, 0x000001eb4d053000, 0x000001eb4d04f000, 0x000001eb4d055800,
0x000001eb4d054000, 0x000001eb4d050000, 0x000001eb4d056800, 0x000001eb4da13000,
0x000001eb4da13800, 0x000001eb4da12000, 0x000001eb4da18800, 0x000001eb4da17000,
0x000001eb4da1a800, 0x000001eb4da19800, 0x000001eb4da18000, 0x000001eb4da14800,
0x000001eb4da16000, 0x000001eb4da1b000, 0x000001eb4da15800, 0x000001eb4da1c000,
0x000001eb4da20000, 0x000001eb4da1c800, 0x000001eb4da1d800, 0x000001eb4da1f000,
0x000001eb4da21000, 0x000001eb4da1e800, 0x000001eb4d717800, 0x000001eb4d715800,
0x000001eb4d713000, 0x000001eb4d712000, 0x000001eb4d717000, 0x000001eb4d718800,
0x000001eb4d719800, 0x000001eb4d713800, 0x000001eb4d71a000, 0x000001eb4d714800,
0x000001eb4d71c000, 0x000001eb4d71b000, 0x000001eb4d716000, 0x000001eb4d71c800,
0x000001eb4d71d800, 0x000001eb4d71e800, 0x000001eb4d71f000, 0x000001eb4d720000,
0x000001eb4d720800, 0x000001eb4efd0800, 0x000001eb4efd2000, 0x000001eb4efd7000,
0x000001eb4efd2800, 0x000001eb4efd4800, 0x000001eb4efd3800, 0x000001eb4efd5000,
0x000001eb4efd6000, 0x000001eb4efd1000, 0x000001eb4efdb800, 0x000001eb4efda000,
0x000001eb4efdd800, 0x000001eb4efdc800, 0x000001eb4efd7800, 0x000001eb4efdb000,
0x000001eb4efde000, 0x000001eb4efd8800, 0x000001eb4efdf000, 0x000001eb4efd9800,
0x000001eb50b7c000, 0x000001eb50b7c800, 0x000001eb50b77000, 0x000001eb50b78000,
0x000001eb50b7e800, 0x000001eb50b7b000, 0x000001eb50b7d800, 0x000001eb50b78800,
0x000001eb50b7f000, 0x000001eb50b79800, 0x000001eb50b80000, 0x000001eb50b7a000,
0x000001eb50b83000, 0x000001eb50b82800, 0x000001eb50b85000, 0x000001eb50b84000,
0x000001eb50b81000, 0x000001eb50b81800
}

Java Threads: ( => current thread )
  0x000001eb2f01c800 JavaThread "main" [_thread_blocked, id=16792, stack(0x000000d6c5700000,0x000000d6c5800000)]
  0x000001eb494bf000 JavaThread "Reference Handler" daemon [_thread_blocked, id=47808, stack(0x000000d6c5e00000,0x000000d6c5f00000)]
  0x000001eb494c4800 JavaThread "Finalizer" daemon [_thread_blocked, id=35468, stack(0x000000d6c5f00000,0x000000d6c6000000)]
  0x000001eb494da000 JavaThread "Signal Dispatcher" daemon [_thread_blocked, id=46244, stack(0x000000d6c6000000,0x000000d6c6100000)]
  0x000001eb494db800 JavaThread "Attach Listener" daemon [_thread_blocked, id=23772, stack(0x000000d6c6100000,0x000000d6c6200000)]
  0x000001eb494dc800 JavaThread "Service Thread" daemon [_thread_blocked, id=37816, stack(0x000000d6c6200000,0x000000d6c6300000)]
=>0x000001eb494e0000 JavaThread "C2 CompilerThread0" daemon [_thread_in_native, id=18568, stack(0x000000d6c6300000,0x000000d6c6400000)]
  0x000001eb494e9000 JavaThread "C1 CompilerThread0" daemon [_thread_blocked, id=3948, stack(0x000000d6c6400000,0x000000d6c6500000)]
  0x000001eb494f0000 JavaThread "Sweeper thread" daemon [_thread_blocked, id=46856, stack(0x000000d6c6500000,0x000000d6c6600000)]
  0x000001eb49f98000 JavaThread "Common-Cleaner" daemon [_thread_blocked, id=32384, stack(0x000000d6c6600000,0x000000d6c6700000)]
  0x000001eb4c2d9800 JavaThread "Daemon health stats" [_thread_blocked, id=39904, stack(0x000000d6c6b00000,0x000000d6c6c00000)]
  0x000001eb4caad800 JavaThread "Incoming local TCP Connector on port 58210" [_thread_in_native, id=5112, stack(0x000000d6c6800000,0x000000d6c6900000)]
  0x000001eb4bcde800 JavaThread "Daemon periodic checks" [_thread_blocked, id=47648, stack(0x000000d6c6c00000,0x000000d6c6d00000)]
  0x000001eb4b13f800 JavaThread "Daemon" [_thread_blocked, id=45884, stack(0x000000d6c6d00000,0x000000d6c6e00000)]
  0x000001eb4cb9e800 JavaThread "Handler for socket connection from /127.0.0.1:58210 to /127.0.0.1:58211" [_thread_in_native, id=3160, stack(0x000000d6c6e00000,0x000000d6c6f00000)]
  0x000001eb4ceae000 JavaThread "Cancel handler" [_thread_blocked, id=37264, stack(0x000000d6c6f00000,0x000000d6c7000000)]
  0x000001eb4abe5800 JavaThread "Daemon worker" [_thread_in_Java, id=26268, stack(0x000000d6c7000000,0x000000d6c7100000)]
  0x000001eb4c30b800 JavaThread "Asynchronous log dispatcher for DefaultDaemonConnection: socket connection from /127.0.0.1:58210 to /127.0.0.1:58211" [_thread_blocked, id=43608, stack(0x000000d6c7100000,0x000000d6c7200000)]
  0x000001eb4d4e0800 JavaThread "Stdin handler" [_thread_blocked, id=44492, stack(0x000000d6c7200000,0x000000d6c7300000)]
  0x000001eb4c889000 JavaThread "Daemon client event forwarder" [_thread_blocked, id=42508, stack(0x000000d6c7300000,0x000000d6c7400000)]
  0x000001eb4cfa4800 JavaThread "Cache worker for journal cache (D:\merie\.gradle\caches\journal-1)" [_thread_blocked, id=25884, stack(0x000000d6c7a00000,0x000000d6c7b00000)]
  0x000001eb4cfa5800 JavaThread "File lock request listener" [_thread_in_native, id=31740, stack(0x000000d6c7b00000,0x000000d6c7c00000)]
  0x000001eb4cfa6000 JavaThread "Cache worker for file hash cache (D:\merie\.gradle\caches\7.4\fileHashes)" [_thread_blocked, id=27692, stack(0x000000d6c7c00000,0x000000d6c7d00000)]
  0x000001eb4cfa8000 JavaThread "File watcher server" daemon [_thread_in_native, id=43704, stack(0x000000d6c7e00000,0x000000d6c7f00000)]
  0x000001eb4cfa7000 JavaThread "File watcher consumer" daemon [_thread_blocked, id=20548, stack(0x000000d6c7f00000,0x000000d6c8000000)]
  0x000001eb4cfa2000 JavaThread "Cache worker for checksums cache (C:\Users\merie\Documents\GitHub\projet-groupe-22\Mealer\.gradle\7.4\checksums)" [_thread_blocked, id=31476, stack(0x000000d6c7400000,0x000000d6c7500000)]
  0x000001eb4cfa3800 JavaThread "Cache worker for cache directory md-rule (D:\merie\.gradle\caches\7.4\md-rule)" [_thread_blocked, id=30188, stack(0x000000d6c8000000,0x000000d6c8100000)]
  0x000001eb4cfa8800 JavaThread "Cache worker for file hash cache (C:\Users\merie\Documents\GitHub\projet-groupe-22\Mealer\.gradle\7.4\fileHashes)" [_thread_blocked, id=32604, stack(0x000000d6c8200000,0x000000d6c8300000)]
  0x000001eb4cfa3000 JavaThread "Cache worker for cache directory md-supplier (D:\merie\.gradle\caches\7.4\md-supplier)" [_thread_blocked, id=21336, stack(0x000000d6c8300000,0x000000d6c8400000)]
  0x000001eb4d048000 JavaThread "Cache worker for execution history cache (D:\merie\.gradle\caches\7.4\executionHistory)" [_thread_blocked, id=29500, stack(0x000000d6c8400000,0x000000d6c8500000)]
  0x000001eb4d04b000 JavaThread "jar transforms" [_thread_blocked, id=27196, stack(0x000000d6c8500000,0x000000d6c8600000)]
  0x000001eb4d048800 JavaThread "Cache worker for file content cache (D:\merie\.gradle\caches\7.4\fileContent)" [_thread_blocked, id=4144, stack(0x000000d6c8600000,0x000000d6c8700000)]
  0x000001eb4d049800 JavaThread "jar transforms Thread 2" [_thread_blocked, id=26448, stack(0x000000d6c8700000,0x000000d6c8800000)]
  0x000001eb4d04d800 JavaThread "Cache worker for dependencies-accessors (C:\Users\merie\Documents\GitHub\projet-groupe-22\Mealer\.gradle\7.4\dependencies-accessors)" [_thread_blocked, id=16612, stack(0x000000d6c8800000,0x000000d6c8900000)]
  0x000001eb4d04c000 JavaThread "jar transforms Thread 3" [_thread_blocked, id=7536, stack(0x000000d6c8900000,0x000000d6c8a00000)]
  0x000001eb4d04e800 JavaThread "Cache worker for Build Output Cleanup Cache (C:\Users\merie\Documents\GitHub\projet-groupe-22\Mealer\.gradle\buildOutputCleanup)" [_thread_blocked, id=1440, stack(0x000000d6c8a00000,0x000000d6c8b00000)]
  0x000001eb4d04a000 JavaThread "Unconstrained build operations" [_thread_blocked, id=42880, stack(0x000000d6c8b00000,0x000000d6c8c00000)]
  0x000001eb4d055000 JavaThread "Unconstrained build operations Thread 2" [_thread_blocked, id=42024, stack(0x000000d6c8c00000,0x000000d6c8d00000)]
  0x000001eb4d051000 JavaThread "Unconstrained build operations Thread 3" [_thread_blocked, id=38096, stack(0x000000d6c8d00000,0x000000d6c8e00000)]
  0x000001eb4d051800 JavaThread "Unconstrained build operations Thread 4" [_thread_blocked, id=3968, stack(0x000000d6c8e00000,0x000000d6c8f00000)]
  0x000001eb4d052800 JavaThread "Unconstrained build operations Thread 5" [_thread_blocked, id=18804, stack(0x000000d6c8f00000,0x000000d6c9000000)]
  0x000001eb4d053000 JavaThread "Unconstrained build operations Thread 6" [_thread_blocked, id=18408, stack(0x000000d6c9000000,0x000000d6c9100000)]
  0x000001eb4d04f000 JavaThread "Unconstrained build operations Thread 7" [_thread_blocked, id=45952, stack(0x000000d6c9100000,0x000000d6c9200000)]
  0x000001eb4d055800 JavaThread "Unconstrained build operations Thread 8" [_thread_blocked, id=33268, stack(0x000000d6c9200000,0x000000d6c9300000)]
  0x000001eb4d054000 JavaThread "Unconstrained build operations Thread 9" [_thread_blocked, id=28952, stack(0x000000d6c9300000,0x000000d6c9400000)]
  0x000001eb4d050000 JavaThread "Unconstrained build operations Thread 10" [_thread_blocked, id=21424, stack(0x000000d6c9400000,0x000000d6c9500000)]
  0x000001eb4d056800 JavaThread "Unconstrained build operations Thread 11" [_thread_blocked, id=24924, stack(0x000000d6c9500000,0x000000d6c9600000)]
  0x000001eb4da13000 JavaThread "Unconstrained build operations Thread 12" [_thread_blocked, id=36184, stack(0x000000d6c9600000,0x000000d6c9700000)]
  0x000001eb4da13800 JavaThread "Unconstrained build operations Thread 13" [_thread_blocked, id=248, stack(0x000000d6c9700000,0x000000d6c9800000)]
  0x000001eb4da12000 JavaThread "Unconstrained build operations Thread 14" [_thread_blocked, id=23792, stack(0x000000d6c9800000,0x000000d6c9900000)]
  0x000001eb4da18800 JavaThread "Unconstrained build operations Thread 15" [_thread_blocked, id=23728, stack(0x000000d6c9900000,0x000000d6c9a00000)]
  0x000001eb4da17000 JavaThread "Unconstrained build operations Thread 16" [_thread_blocked, id=26048, stack(0x000000d6c9a00000,0x000000d6c9b00000)]
  0x000001eb4da1a800 JavaThread "Unconstrained build operations Thread 17" [_thread_blocked, id=29900, stack(0x000000d6c9b00000,0x000000d6c9c00000)]
  0x000001eb4da19800 JavaThread "Unconstrained build operations Thread 18" [_thread_blocked, id=20748, stack(0x000000d6c9c00000,0x000000d6c9d00000)]
  0x000001eb4da18000 JavaThread "Unconstrained build operations Thread 19" [_thread_blocked, id=25552, stack(0x000000d6c9d00000,0x000000d6c9e00000)]
  0x000001eb4da14800 JavaThread "Unconstrained build operations Thread 20" [_thread_blocked, id=22744, stack(0x000000d6c9e00000,0x000000d6c9f00000)]
  0x000001eb4da16000 JavaThread "Unconstrained build operations Thread 21" [_thread_blocked, id=33404, stack(0x000000d6c9f00000,0x000000d6ca000000)]
  0x000001eb4da1b000 JavaThread "Unconstrained build operations Thread 22" [_thread_blocked, id=2292, stack(0x000000d6ca000000,0x000000d6ca100000)]
  0x000001eb4da15800 JavaThread "Unconstrained build operations Thread 23" [_thread_blocked, id=39556, stack(0x000000d6ca100000,0x000000d6ca200000)]
  0x000001eb4da1c000 JavaThread "Unconstrained build operations Thread 24" [_thread_blocked, id=35448, stack(0x000000d6ca200000,0x000000d6ca300000)]
  0x000001eb4da20000 JavaThread "Unconstrained build operations Thread 25" [_thread_blocked, id=45624, stack(0x000000d6ca300000,0x000000d6ca400000)]
  0x000001eb4da1c800 JavaThread "Unconstrained build operations Thread 26" [_thread_blocked, id=9836, stack(0x000000d6ca400000,0x000000d6ca500000)]
  0x000001eb4da1d800 JavaThread "Unconstrained build operations Thread 27" [_thread_blocked, id=47028, stack(0x000000d6ca500000,0x000000d6ca600000)]
  0x000001eb4da1f000 JavaThread "Unconstrained build operations Thread 28" [_thread_blocked, id=21636, stack(0x000000d6ca600000,0x000000d6ca700000)]
  0x000001eb4da21000 JavaThread "Unconstrained build operations Thread 29" [_thread_blocked, id=40872, stack(0x000000d6ca700000,0x000000d6ca800000)]
  0x000001eb4da1e800 JavaThread "Unconstrained build operations Thread 30" [_thread_blocked, id=21780, stack(0x000000d6ca800000,0x000000d6ca900000)]
  0x000001eb4d717800 JavaThread "Unconstrained build operations Thread 31" [_thread_blocked, id=43828, stack(0x000000d6ca900000,0x000000d6caa00000)]
  0x000001eb4d715800 JavaThread "Unconstrained build operations Thread 32" [_thread_blocked, id=12816, stack(0x000000d6caa00000,0x000000d6cab00000)]
  0x000001eb4d713000 JavaThread "Unconstrained build operations Thread 33" [_thread_blocked, id=43412, stack(0x000000d6cab00000,0x000000d6cac00000)]
  0x000001eb4d712000 JavaThread "Unconstrained build operations Thread 34" [_thread_blocked, id=41496, stack(0x000000d6cac00000,0x000000d6cad00000)]
  0x000001eb4d717000 JavaThread "Unconstrained build operations Thread 35" [_thread_blocked, id=12420, stack(0x000000d6cad00000,0x000000d6cae00000)]
  0x000001eb4d718800 JavaThread "Unconstrained build operations Thread 36" [_thread_blocked, id=37976, stack(0x000000d6cae00000,0x000000d6caf00000)]
  0x000001eb4d719800 JavaThread "Unconstrained build operations Thread 37" [_thread_blocked, id=28708, stack(0x000000d6caf00000,0x000000d6cb000000)]
  0x000001eb4d713800 JavaThread "Unconstrained build operations Thread 38" [_thread_blocked, id=40556, stack(0x000000d6cb000000,0x000000d6cb100000)]
  0x000001eb4d71a000 JavaThread "Unconstrained build operations Thread 39" [_thread_blocked, id=42652, stack(0x000000d6cb100000,0x000000d6cb200000)]
  0x000001eb4d714800 JavaThread "Unconstrained build operations Thread 40" [_thread_blocked, id=32612, stack(0x000000d6cb200000,0x000000d6cb300000)]
  0x000001eb4d71c000 JavaThread "Unconstrained build operations Thread 41" [_thread_blocked, id=32376, stack(0x000000d6cb300000,0x000000d6cb400000)]
  0x000001eb4d71b000 JavaThread "Unconstrained build operations Thread 42" [_thread_blocked, id=2228, stack(0x000000d6cb400000,0x000000d6cb500000)]
  0x000001eb4d716000 JavaThread "Unconstrained build operations Thread 43" [_thread_blocked, id=15796, stack(0x000000d6cb500000,0x000000d6cb600000)]
  0x000001eb4d71c800 JavaThread "Unconstrained build operations Thread 44" [_thread_blocked, id=39524, stack(0x000000d6cb600000,0x000000d6cb700000)]
  0x000001eb4d71d800 JavaThread "Unconstrained build operations Thread 45" [_thread_blocked, id=36756, stack(0x000000d6cb700000,0x000000d6cb800000)]
  0x000001eb4d71e800 JavaThread "Unconstrained build operations Thread 46" [_thread_blocked, id=29880, stack(0x000000d6cb800000,0x000000d6cb900000)]
  0x000001eb4d71f000 JavaThread "Unconstrained build operations Thread 47" [_thread_blocked, id=24288, stack(0x000000d6cb900000,0x000000d6cba00000)]
  0x000001eb4d720000 JavaThread "Unconstrained build operations Thread 48" [_thread_blocked, id=1888, stack(0x000000d6cba00000,0x000000d6cbb00000)]
  0x000001eb4d720800 JavaThread "Unconstrained build operations Thread 49" [_thread_blocked, id=21656, stack(0x000000d6cbb00000,0x000000d6cbc00000)]
  0x000001eb4efd0800 JavaThread "Unconstrained build operations Thread 50" [_thread_blocked, id=26104, stack(0x000000d6cbc00000,0x000000d6cbd00000)]
  0x000001eb4efd2000 JavaThread "Unconstrained build operations Thread 51" [_thread_blocked, id=29788, stack(0x000000d6cbd00000,0x000000d6cbe00000)]
  0x000001eb4efd7000 JavaThread "Unconstrained build operations Thread 52" [_thread_blocked, id=14592, stack(0x000000d6cbe00000,0x000000d6cbf00000)]
  0x000001eb4efd2800 JavaThread "Unconstrained build operations Thread 53" [_thread_blocked, id=11652, stack(0x000000d6cbf00000,0x000000d6cc000000)]
  0x000001eb4efd4800 JavaThread "Unconstrained build operations Thread 54" [_thread_blocked, id=26680, stack(0x000000d6cc000000,0x000000d6cc100000)]
  0x000001eb4efd3800 JavaThread "Unconstrained build operations Thread 55" [_thread_blocked, id=22856, stack(0x000000d6cc100000,0x000000d6cc200000)]
  0x000001eb4efd5000 JavaThread "Unconstrained build operations Thread 56" [_thread_blocked, id=32440, stack(0x000000d6cc200000,0x000000d6cc300000)]
  0x000001eb4efd6000 JavaThread "Unconstrained build operations Thread 57" [_thread_blocked, id=30088, stack(0x000000d6cc300000,0x000000d6cc400000)]
  0x000001eb4efd1000 JavaThread "Unconstrained build operations Thread 58" [_thread_blocked, id=16456, stack(0x000000d6cc400000,0x000000d6cc500000)]
  0x000001eb4efdb800 JavaThread "Unconstrained build operations Thread 59" [_thread_blocked, id=24372, stack(0x000000d6cc500000,0x000000d6cc600000)]
  0x000001eb4efda000 JavaThread "Unconstrained build operations Thread 60" [_thread_blocked, id=44380, stack(0x000000d6cc600000,0x000000d6cc700000)]
  0x000001eb4efdd800 JavaThread "Unconstrained build operations Thread 61" [_thread_blocked, id=36300, stack(0x000000d6cc700000,0x000000d6cc800000)]
  0x000001eb4efdc800 JavaThread "Unconstrained build operations Thread 62" [_thread_blocked, id=37112, stack(0x000000d6cc800000,0x000000d6cc900000)]
  0x000001eb4efd7800 JavaThread "Unconstrained build operations Thread 63" [_thread_blocked, id=43196, stack(0x000000d6cc900000,0x000000d6cca00000)]
  0x000001eb4efdb000 JavaThread "Unconstrained build operations Thread 64" [_thread_blocked, id=40120, stack(0x000000d6cca00000,0x000000d6ccb00000)]
  0x000001eb4efde000 JavaThread "Unconstrained build operations Thread 65" [_thread_blocked, id=3048, stack(0x000000d6ccb00000,0x000000d6ccc00000)]
  0x000001eb4efd8800 JavaThread "Unconstrained build operations Thread 66" [_thread_blocked, id=40524, stack(0x000000d6ccc00000,0x000000d6ccd00000)]
  0x000001eb4efdf000 JavaThread "Unconstrained build operations Thread 67" [_thread_blocked, id=23752, stack(0x000000d6ccd00000,0x000000d6cce00000)]
  0x000001eb4efd9800 JavaThread "Unconstrained build operations Thread 68" [_thread_blocked, id=2152, stack(0x000000d6cce00000,0x000000d6ccf00000)]
  0x000001eb50b7c000 JavaThread "Unconstrained build operations Thread 69" [_thread_blocked, id=39868, stack(0x000000d6ccf00000,0x000000d6cd000000)]
  0x000001eb50b7c800 JavaThread "Unconstrained build operations Thread 70" [_thread_blocked, id=47084, stack(0x000000d6cd000000,0x000000d6cd100000)]
  0x000001eb50b77000 JavaThread "Unconstrained build operations Thread 71" [_thread_blocked, id=26276, stack(0x000000d6cd100000,0x000000d6cd200000)]
  0x000001eb50b78000 JavaThread "Unconstrained build operations Thread 72" [_thread_blocked, id=10220, stack(0x000000d6cd200000,0x000000d6cd300000)]
  0x000001eb50b7e800 JavaThread "Unconstrained build operations Thread 73" [_thread_blocked, id=12696, stack(0x000000d6cd300000,0x000000d6cd400000)]
  0x000001eb50b7b000 JavaThread "Unconstrained build operations Thread 74" [_thread_blocked, id=31064, stack(0x000000d6cd400000,0x000000d6cd500000)]
  0x000001eb50b7d800 JavaThread "Unconstrained build operations Thread 75" [_thread_blocked, id=32292, stack(0x000000d6cd500000,0x000000d6cd600000)]
  0x000001eb50b78800 JavaThread "Unconstrained build operations Thread 76" [_thread_blocked, id=32616, stack(0x000000d6cd600000,0x000000d6cd700000)]
  0x000001eb50b7f000 JavaThread "Unconstrained build operations Thread 77" [_thread_blocked, id=36560, stack(0x000000d6cd700000,0x000000d6cd800000)]
  0x000001eb50b79800 JavaThread "Unconstrained build operations Thread 78" [_thread_blocked, id=23144, stack(0x000000d6cd800000,0x000000d6cd900000)]
  0x000001eb50b80000 JavaThread "Unconstrained build operations Thread 79" [_thread_blocked, id=42788, stack(0x000000d6cd900000,0x000000d6cda00000)]
  0x000001eb50b7a000 JavaThread "Unconstrained build operations Thread 80" [_thread_blocked, id=33076, stack(0x000000d6cda00000,0x000000d6cdb00000)]
  0x000001eb50b83000 JavaThread "jar transforms Thread 4" [_thread_blocked, id=388, stack(0x000000d6cdb00000,0x000000d6cdc00000)]
  0x000001eb50b82800 JavaThread "jar transforms Thread 5" [_thread_blocked, id=30316, stack(0x000000d6cdc00000,0x000000d6cdd00000)]
  0x000001eb50b85000 JavaThread "jar transforms Thread 6" [_thread_blocked, id=10368, stack(0x000000d6cdd00000,0x000000d6cde00000)]
  0x000001eb50b84000 JavaThread "jar transforms Thread 7" [_thread_blocked, id=16284, stack(0x000000d6cde00000,0x000000d6cdf00000)]
  0x000001eb50b81000 JavaThread "jar transforms Thread 8" [_thread_blocked, id=44672, stack(0x000000d6cdf00000,0x000000d6ce000000)]
  0x000001eb50b81800 JavaThread "Memory manager" [_thread_blocked, id=7960, stack(0x000000d6c8100000,0x000000d6c8200000)]

Other Threads:
  0x000001eb494bd000 VMThread "VM Thread" [stack: 0x000000d6c5d00000,0x000000d6c5e00000] [id=23740]
  0x000001eb49fb7800 WatcherThread [stack: 0x000000d6c6700000,0x000000d6c6800000] [id=30744]
  0x000001eb2f035800 GCTaskThread "GC Thread#0" [stack: 0x000000d6c5800000,0x000000d6c5900000] [id=41756]
  0x000001eb4ac8b800 GCTaskThread "GC Thread#1" [stack: 0x000000d6c6900000,0x000000d6c6a00000] [id=12560]
  0x000001eb4ab8e000 GCTaskThread "GC Thread#2" [stack: 0x000000d6c6a00000,0x000000d6c6b00000] [id=27656]
  0x000001eb4be62800 GCTaskThread "GC Thread#3" [stack: 0x000000d6c7500000,0x000000d6c7600000] [id=20564]
  0x000001eb4c2c8000 GCTaskThread "GC Thread#4" [stack: 0x000000d6c7600000,0x000000d6c7700000] [id=31696]
  0x000001eb4b87b000 GCTaskThread "GC Thread#5" [stack: 0x000000d6c7700000,0x000000d6c7800000] [id=3960]
  0x000001eb4b87c000 GCTaskThread "GC Thread#6" [stack: 0x000000d6c7800000,0x000000d6c7900000] [id=30076]
  0x000001eb4ce86000 GCTaskThread "GC Thread#7" [stack: 0x000000d6c7900000,0x000000d6c7a00000] [id=13240]
  0x000001eb2f06a800 ConcurrentGCThread "G1 Main Marker" [stack: 0x000000d6c5900000,0x000000d6c5a00000] [id=26712]
  0x000001eb2f06b800 ConcurrentGCThread "G1 Conc#0" [stack: 0x000000d6c5a00000,0x000000d6c5b00000] [id=12140]
  0x000001eb4ce26800 ConcurrentGCThread "G1 Conc#1" [stack: 0x000000d6c7d00000,0x000000d6c7e00000] [id=23964]
  0x000001eb49310800 ConcurrentGCThread "G1 Refine#0" [stack: 0x000000d6c5b00000,0x000000d6c5c00000] [id=15816]
  0x000001eb49311800 ConcurrentGCThread "G1 Young RemSet Sampling" [stack: 0x000000d6c5c00000,0x000000d6c5d00000] [id=23312]

Threads with active compile tasks:
C2 CompilerThread0  14541 6407       4       java.util.TreeMap::put (247 bytes)
C1 CompilerThread0  14542 6733       1       com.android.build.api.artifact.Artifact::getKind (5 bytes)

VM state:not at safepoint (normal execution)

VM Mutex/Monitor currently owned by a thread:  ([mutex/lock_event])
[0x000001eb2f018bc0] Compile_lock - owner thread: 0x0000000000000000

Heap address: 0x0000000080000000, size: 2048 MB, Compressed Oops mode: 32-bit
Narrow klass base: 0x0000000000000000, Narrow klass shift: 3
Compressed class space size: 1073741824 Address: 0x0000000100000000

Heap:
 garbage-first heap   total 157696K, used 100306K [0x0000000080000000, 0x0000000100000000)
  region size 1024K, 51 young (52224K), 5 survivors (5120K)
 Metaspace       used 69792K, capacity 71405K, committed 71580K, reserved 1112064K
  class space    used 8825K, capacity 9408K, committed 9472K, reserved 1048576K
Heap Regions: E=young(eden), S=young(survivor), O=old, HS=humongous(starts), HC=humongous(continues), CS=collection set, F=free, A=archive, TAMS=top-at-mark-start (previous, next)
|   0|0x0000000080000000, 0x0000000080100000, 0x0000000080100000|100%| O|  |TAMS 0x0000000080100000, 0x0000000080000000| Untracked 
|   1|0x0000000080100000, 0x0000000080200000, 0x0000000080200000|100%| O|  |TAMS 0x0000000080200000, 0x0000000080100000| Untracked 
|   2|0x0000000080200000, 0x0000000080300000, 0x0000000080300000|100%| O|  |TAMS 0x0000000080300000, 0x0000000080200000| Untracked 
|   3|0x0000000080300000, 0x0000000080400000, 0x0000000080400000|100%|HS|  |TAMS 0x0000000080400000, 0x0000000080300000| Complete 
|   4|0x0000000080400000, 0x0000000080500000, 0x0000000080500000|100%|HC|  |TAMS 0x0000000080500000, 0x0000000080400000| Complete 
|   5|0x0000000080500000, 0x0000000080600000, 0x0000000080600000|100%|HC|  |TAMS 0x0000000080600000, 0x0000000080500000| Complete 
|   6|0x0000000080600000, 0x0000000080700000, 0x0000000080700000|100%| O|  |TAMS 0x0000000080700000, 0x0000000080600000| Untracked 
|   7|0x0000000080700000, 0x0000000080800000, 0x0000000080800000|100%| O|  |TAMS 0x0000000080800000, 0x0000000080700000| Untracked 
|   8|0x0000000080800000, 0x0000000080900000, 0x0000000080900000|100%| O|  |TAMS 0x0000000080900000, 0x0000000080800000| Untracked 
|   9|0x0000000080900000, 0x0000000080a00000, 0x0000000080a00000|100%| O|  |TAMS 0x0000000080a00000, 0x0000000080900000| Untracked 
|  10|0x0000000080a00000, 0x0000000080b00000, 0x0000000080b00000|100%| O|  |TAMS 0x0000000080b00000, 0x0000000080a00000| Untracked 
|  11|0x0000000080b00000, 0x0000000080c00000, 0x0000000080c00000|100%| O|  |TAMS 0x0000000080c00000, 0x0000000080b00000| Untracked 
|  12|0x0000000080c00000, 0x0000000080d00000, 0x0000000080d00000|100%| O|  |TAMS 0x0000000080d00000, 0x0000000080c00000| Untracked 
|  13|0x0000000080d00000, 0x0000000080e00000, 0x0000000080e00000|100%| O|  |TAMS 0x0000000080e00000, 0x0000000080d00000| Untracked 
|  14|0x0000000080e00000, 0x0000000080f00000, 0x0000000080f00000|100%| O|  |TAMS 0x0000000080f00000, 0x0000000080e00000| Untracked 
|  15|0x0000000080f00000, 0x0000000081000000, 0x0000000081000000|100%| O|  |TAMS 0x0000000081000000, 0x0000000080f00000| Untracked 
|  16|0x0000000081000000, 0x0000000081100000, 0x0000000081100000|100%|HS|  |TAMS 0x0000000081100000, 0x0000000081000000| Complete 
|  17|0x0000000081100000, 0x0000000081200000, 0x0000000081200000|100%| O|  |TAMS 0x0000000081200000, 0x0000000081100000| Untracked 
|  18|0x0000000081200000, 0x0000000081300000, 0x0000000081300000|100%| O|  |TAMS 0x0000000081300000, 0x0000000081200000| Untracked 
|  19|0x0000000081300000, 0x0000000081400000, 0x0000000081400000|100%| O|  |TAMS 0x0000000081400000, 0x0000000081300000| Untracked 
|  20|0x0000000081400000, 0x0000000081500000, 0x0000000081500000|100%| O|  |TAMS 0x0000000081500000, 0x0000000081400000| Untracked 
|  21|0x0000000081500000, 0x0000000081600000, 0x0000000081600000|100%| O|  |TAMS 0x0000000081600000, 0x0000000081500000| Untracked 
|  22|0x0000000081600000, 0x0000000081700000, 0x0000000081700000|100%| O|  |TAMS 0x0000000081700000, 0x0000000081600000| Untracked 
|  23|0x0000000081700000, 0x0000000081800000, 0x0000000081800000|100%| O|  |TAMS 0x0000000081800000, 0x0000000081700000| Untracked 
|  24|0x0000000081800000, 0x0000000081900000, 0x0000000081900000|100%| O|  |TAMS 0x0000000081900000, 0x0000000081800000| Untracked 
|  25|0x0000000081900000, 0x0000000081a00000, 0x0000000081a00000|100%| O|  |TAMS 0x0000000081a00000, 0x0000000081900000| Untracked 
|  26|0x0000000081a00000, 0x0000000081b00000, 0x0000000081b00000|100%| O|  |TAMS 0x0000000081b00000, 0x0000000081a00000| Untracked 
|  27|0x0000000081b00000, 0x0000000081c00000, 0x0000000081c00000|100%| O|  |TAMS 0x0000000081c00000, 0x0000000081b00000| Untracked 
|  28|0x0000000081c00000, 0x0000000081d00000, 0x0000000081d00000|100%|HS|  |TAMS 0x0000000081d00000, 0x0000000081c00000| Complete 
|  29|0x0000000081d00000, 0x0000000081e00000, 0x0000000081e00000|100%| O|  |TAMS 0x0000000081e00000, 0x0000000081d00000| Untracked 
|  30|0x0000000081e00000, 0x0000000081f00000, 0x0000000081f00000|100%|HS|  |TAMS 0x0000000081f00000, 0x0000000081e00000| Complete 
|  31|0x0000000081f00000, 0x0000000082000000, 0x0000000082000000|100%|HC|  |TAMS 0x0000000082000000, 0x0000000081f00000| Complete 
|  32|0x0000000082000000, 0x0000000082100000, 0x0000000082100000|100%| O|  |TAMS 0x0000000082100000, 0x0000000082000000| Untracked 
|  33|0x0000000082100000, 0x0000000082200000, 0x0000000082200000|100%| O|  |TAMS 0x0000000082200000, 0x0000000082100000| Untracked 
|  34|0x0000000082200000, 0x0000000082300000, 0x0000000082300000|100%| O|  |TAMS 0x0000000082300000, 0x0000000082200000| Untracked 
|  35|0x0000000082300000, 0x0000000082400000, 0x0000000082400000|100%| O|  |TAMS 0x0000000082400000, 0x0000000082300000| Untracked 
|  36|0x0000000082400000, 0x0000000082500000, 0x0000000082500000|100%| O|  |TAMS 0x0000000082500000, 0x0000000082400000| Untracked 
|  37|0x0000000082500000, 0x0000000082600000, 0x0000000082600000|100%| O|  |TAMS 0x0000000082600000, 0x0000000082500000| Untracked 
|  38|0x0000000082600000, 0x0000000082700000, 0x0000000082700000|100%| O|  |TAMS 0x0000000082700000, 0x0000000082600000| Untracked 
|  39|0x0000000082700000, 0x0000000082800000, 0x0000000082800000|100%| O|  |TAMS 0x0000000082800000, 0x0000000082700000| Untracked 
|  40|0x0000000082800000, 0x0000000082900000, 0x0000000082900000|100%| O|  |TAMS 0x0000000082900000, 0x0000000082800000| Untracked 
|  41|0x0000000082900000, 0x0000000082a00000, 0x0000000082a00000|100%| O|  |TAMS 0x0000000082933000, 0x0000000082900000| Untracked 
|  42|0x0000000082a00000, 0x0000000082a00000, 0x0000000082b00000|  0%| F|  |TAMS 0x0000000082a00000, 0x0000000082a00000| Untracked 
|  43|0x0000000082b00000, 0x0000000082c00000, 0x0000000082c00000|100%| O|  |TAMS 0x0000000082b00000, 0x0000000082b00000| Untracked 
|  44|0x0000000082c00000, 0x0000000082d00000, 0x0000000082d00000|100%| O|  |TAMS 0x0000000082c00000, 0x0000000082c00000| Untracked 
|  45|0x0000000082d00000, 0x0000000082e00000, 0x0000000082e00000|100%| O|  |TAMS 0x0000000082d00000, 0x0000000082d00000| Untracked 
|  46|0x0000000082e00000, 0x0000000082f00000, 0x0000000082f00000|100%| O|  |TAMS 0x0000000082e00000, 0x0000000082e00000| Untracked 
|  47|0x0000000082f00000, 0x0000000083000000, 0x0000000083000000|100%| O|  |TAMS 0x0000000082f00000, 0x0000000082f00000| Untracked 
|  48|0x0000000083000000, 0x0000000083100000, 0x0000000083100000|100%| O|  |TAMS 0x0000000083000000, 0x0000000083000000| Untracked 
|  49|0x0000000083100000, 0x00000000831cd600, 0x0000000083200000| 80%| O|  |TAMS 0x0000000083100000, 0x0000000083100000| Untracked 
|  50|0x0000000083200000, 0x0000000083200000, 0x0000000083300000|  0%| F|  |TAMS 0x0000000083200000, 0x0000000083200000| Untracked 
|  51|0x0000000083300000, 0x0000000083300000, 0x0000000083400000|  0%| F|  |TAMS 0x0000000083300000, 0x0000000083300000| Untracked 
|  52|0x0000000083400000, 0x0000000083400000, 0x0000000083500000|  0%| F|  |TAMS 0x0000000083400000, 0x0000000083400000| Untracked 
|  53|0x0000000083500000, 0x0000000083500000, 0x0000000083600000|  0%| F|  |TAMS 0x0000000083500000, 0x0000000083500000| Untracked 
|  54|0x0000000083600000, 0x0000000083600000, 0x0000000083700000|  0%| F|  |TAMS 0x0000000083600000, 0x0000000083600000| Untracked 
|  55|0x0000000083700000, 0x0000000083700000, 0x0000000083800000|  0%| F|  |TAMS 0x0000000083700000, 0x0000000083700000| Untracked 
|  56|0x0000000083800000, 0x0000000083800000, 0x0000000083900000|  0%| F|  |TAMS 0x0000000083800000, 0x0000000083800000| Untracked 
|  57|0x0000000083900000, 0x0000000083900000, 0x0000000083a00000|  0%| F|  |TAMS 0x0000000083900000, 0x0000000083900000| Untracked 
|  58|0x0000000083a00000, 0x0000000083a00000, 0x0000000083b00000|  0%| F|  |TAMS 0x0000000083a00000, 0x0000000083a00000| Untracked 
|  59|0x0000000083b00000, 0x0000000083b00000, 0x0000000083c00000|  0%| F|  |TAMS 0x0000000083b00000, 0x0000000083b00000| Untracked 
|  60|0x0000000083c00000, 0x0000000083c00000, 0x0000000083d00000|  0%| F|  |TAMS 0x0000000083c00000, 0x0000000083c00000| Untracked 
|  61|0x0000000083d00000, 0x0000000083d00000, 0x0000000083e00000|  0%| F|  |TAMS 0x0000000083d00000, 0x0000000083d00000| Untracked 
|  62|0x0000000083e00000, 0x0000000083e00000, 0x0000000083f00000|  0%| F|  |TAMS 0x0000000083e00000, 0x0000000083e00000| Untracked 
|  63|0x0000000083f00000, 0x0000000083f00000, 0x0000000084000000|  0%| F|  |TAMS 0x0000000083f00000, 0x0000000083f00000| Untracked 
|  64|0x0000000084000000, 0x0000000084000000, 0x0000000084100000|  0%| F|  |TAMS 0x0000000084000000, 0x0000000084000000| Untracked 
|  65|0x0000000084100000, 0x0000000084100000, 0x0000000084200000|  0%| F|  |TAMS 0x0000000084100000, 0x0000000084100000| Untracked 
|  66|0x0000000084200000, 0x0000000084200000, 0x0000000084300000|  0%| F|  |TAMS 0x0000000084200000, 0x0000000084200000| Untracked 
|  67|0x0000000084300000, 0x0000000084300000, 0x0000000084400000|  0%| F|  |TAMS 0x0000000084300000, 0x0000000084300000| Untracked 
|  68|0x0000000084400000, 0x0000000084400000, 0x0000000084500000|  0%| F|  |TAMS 0x0000000084400000, 0x0000000084400000| Untracked 
|  69|0x0000000084500000, 0x0000000084500000, 0x0000000084600000|  0%| F|  |TAMS 0x0000000084500000, 0x0000000084500000| Untracked 
|  70|0x0000000084600000, 0x0000000084600000, 0x0000000084700000|  0%| F|  |TAMS 0x0000000084600000, 0x0000000084600000| Untracked 
|  71|0x0000000084700000, 0x0000000084700000, 0x0000000084800000|  0%| F|  |TAMS 0x0000000084700000, 0x0000000084700000| Untracked 
|  72|0x0000000084800000, 0x0000000084800000, 0x0000000084900000|  0%| F|  |TAMS 0x0000000084800000, 0x0000000084800000| Untracked 
|  73|0x0000000084900000, 0x0000000084900000, 0x0000000084a00000|  0%| F|  |TAMS 0x0000000084900000, 0x0000000084900000| Untracked 
|  74|0x0000000084a00000, 0x0000000084a00000, 0x0000000084b00000|  0%| F|  |TAMS 0x0000000084a00000, 0x0000000084a00000| Untracked 
|  75|0x0000000084b00000, 0x0000000084b00000, 0x0000000084c00000|  0%| F|  |TAMS 0x0000000084b00000, 0x0000000084b00000| Untracked 
|  76|0x0000000084c00000, 0x0000000084c00000, 0x0000000084d00000|  0%| F|  |TAMS 0x0000000084c00000, 0x0000000084c00000| Untracked 
|  77|0x0000000084d00000, 0x0000000084d00000, 0x0000000084e00000|  0%| F|  |TAMS 0x0000000084d00000, 0x0000000084d00000| Untracked 
|  78|0x0000000084e00000, 0x0000000084e00000, 0x0000000084f00000|  0%| F|  |TAMS 0x0000000084e00000, 0x0000000084e00000| Untracked 
|  79|0x0000000084f00000, 0x0000000084f00000, 0x0000000085000000|  0%| F|  |TAMS 0x0000000084f00000, 0x0000000084f00000| Untracked 
|  80|0x0000000085000000, 0x0000000085000000, 0x0000000085100000|  0%| F|  |TAMS 0x0000000085000000, 0x0000000085000000| Untracked 
|  81|0x0000000085100000, 0x0000000085100000, 0x0000000085200000|  0%| F|  |TAMS 0x0000000085100000, 0x0000000085100000| Untracked 
|  82|0x0000000085200000, 0x0000000085200000, 0x0000000085300000|  0%| F|  |TAMS 0x0000000085200000, 0x0000000085200000| Untracked 
|  83|0x0000000085300000, 0x0000000085300000, 0x0000000085400000|  0%| F|  |TAMS 0x0000000085300000, 0x0000000085300000| Untracked 
|  84|0x0000000085400000, 0x0000000085427570, 0x0000000085500000| 15%| S|CS|TAMS 0x0000000085400000, 0x0000000085400000| Complete 
|  85|0x0000000085500000, 0x0000000085500000, 0x0000000085600000|  0%| F|  |TAMS 0x0000000085500000, 0x0000000085500000| Untracked 
|  86|0x0000000085600000, 0x0000000085600000, 0x0000000085700000|  0%| F|  |TAMS 0x0000000085600000, 0x0000000085600000| Untracked 
|  87|0x0000000085700000, 0x0000000085700000, 0x0000000085800000|  0%| F|  |TAMS 0x0000000085700000, 0x0000000085700000| Untracked 
|  88|0x0000000085800000, 0x0000000085800000, 0x0000000085900000|  0%| F|  |TAMS 0x0000000085800000, 0x0000000085800000| Untracked 
|  89|0x0000000085900000, 0x0000000085900000, 0x0000000085a00000|  0%| F|  |TAMS 0x0000000085900000, 0x0000000085900000| Untracked 
|  90|0x0000000085a00000, 0x0000000085a00000, 0x0000000085b00000|  0%| F|  |TAMS 0x0000000085a00000, 0x0000000085a00000| Untracked 
|  91|0x0000000085b00000, 0x0000000085b00000, 0x0000000085c00000|  0%| F|  |TAMS 0x0000000085b00000, 0x0000000085b00000| Untracked 
|  92|0x0000000085c00000, 0x0000000085c00000, 0x0000000085d00000|  0%| F|  |TAMS 0x0000000085c00000, 0x0000000085c00000| Untracked 
|  93|0x0000000085d00000, 0x0000000085e00000, 0x0000000085e00000|100%| S|CS|TAMS 0x0000000085d00000, 0x0000000085d00000| Complete 
|  94|0x0000000085e00000, 0x0000000085f00000, 0x0000000085f00000|100%| S|CS|TAMS 0x0000000085e00000, 0x0000000085e00000| Complete 
|  95|0x0000000085f00000, 0x0000000086000000, 0x0000000086000000|100%| S|CS|TAMS 0x0000000085f00000, 0x0000000085f00000| Complete 
|  96|0x0000000086000000, 0x0000000086100000, 0x0000000086100000|100%| S|CS|TAMS 0x0000000086000000, 0x0000000086000000| Complete 
|  97|0x0000000086100000, 0x0000000086100000, 0x0000000086200000|  0%| F|  |TAMS 0x0000000086100000, 0x0000000086100000| Untracked 
|  98|0x0000000086200000, 0x0000000086200000, 0x0000000086300000|  0%| F|  |TAMS 0x0000000086200000, 0x0000000086200000| Untracked 
|  99|0x0000000086300000, 0x0000000086300000, 0x0000000086400000|  0%| F|  |TAMS 0x0000000086300000, 0x0000000086300000| Untracked 
| 100|0x0000000086400000, 0x0000000086400000, 0x0000000086500000|  0%| F|  |TAMS 0x0000000086400000, 0x0000000086400000| Untracked 
| 101|0x0000000086500000, 0x0000000086500000, 0x0000000086600000|  0%| F|  |TAMS 0x0000000086500000, 0x0000000086500000| Untracked 
| 102|0x0000000086600000, 0x0000000086600000, 0x0000000086700000|  0%| F|  |TAMS 0x0000000086600000, 0x0000000086600000| Untracked 
| 103|0x0000000086700000, 0x0000000086700000, 0x0000000086800000|  0%| F|  |TAMS 0x0000000086700000, 0x0000000086700000| Untracked 
| 104|0x0000000086800000, 0x0000000086800000, 0x0000000086900000|  0%| F|  |TAMS 0x0000000086800000, 0x0000000086800000| Untracked 
| 105|0x0000000086900000, 0x0000000086900000, 0x0000000086a00000|  0%| F|  |TAMS 0x0000000086900000, 0x0000000086900000| Untracked 
| 106|0x0000000086a00000, 0x0000000086a00000, 0x0000000086b00000|  0%| F|  |TAMS 0x0000000086a00000, 0x0000000086a00000| Untracked 
| 107|0x0000000086b00000, 0x0000000086b00000, 0x0000000086c00000|  0%| E|  |TAMS 0x0000000086b00000, 0x0000000086b00000| Complete 
| 108|0x0000000086c00000, 0x0000000086d00000, 0x0000000086d00000|100%| E|CS|TAMS 0x0000000086c00000, 0x0000000086c00000| Complete 
| 109|0x0000000086d00000, 0x0000000086e00000, 0x0000000086e00000|100%| E|CS|TAMS 0x0000000086d00000, 0x0000000086d00000| Complete 
| 110|0x0000000086e00000, 0x0000000086f00000, 0x0000000086f00000|100%| E|CS|TAMS 0x0000000086e00000, 0x0000000086e00000| Complete 
| 111|0x0000000086f00000, 0x0000000087000000, 0x0000000087000000|100%| E|CS|TAMS 0x0000000086f00000, 0x0000000086f00000| Complete 
| 112|0x0000000087000000, 0x0000000087100000, 0x0000000087100000|100%| E|CS|TAMS 0x0000000087000000, 0x0000000087000000| Complete 
| 113|0x0000000087100000, 0x0000000087200000, 0x0000000087200000|100%| E|CS|TAMS 0x0000000087100000, 0x0000000087100000| Complete 
| 114|0x0000000087200000, 0x0000000087300000, 0x0000000087300000|100%| E|CS|TAMS 0x0000000087200000, 0x0000000087200000| Complete 
| 115|0x0000000087300000, 0x0000000087400000, 0x0000000087400000|100%| E|CS|TAMS 0x0000000087300000, 0x0000000087300000| Complete 
| 116|0x0000000087400000, 0x0000000087500000, 0x0000000087500000|100%| E|CS|TAMS 0x0000000087400000, 0x0000000087400000| Complete 
| 117|0x0000000087500000, 0x0000000087600000, 0x0000000087600000|100%| E|CS|TAMS 0x0000000087500000, 0x0000000087500000| Complete 
| 118|0x0000000087600000, 0x0000000087700000, 0x0000000087700000|100%| E|CS|TAMS 0x0000000087600000, 0x0000000087600000| Complete 
| 119|0x0000000087700000, 0x0000000087800000, 0x0000000087800000|100%| E|CS|TAMS 0x0000000087700000, 0x0000000087700000| Complete 
| 120|0x0000000087800000, 0x0000000087900000, 0x0000000087900000|100%| E|CS|TAMS 0x0000000087800000, 0x0000000087800000| Complete 
| 121|0x0000000087900000, 0x0000000087a00000, 0x0000000087a00000|100%| E|CS|TAMS 0x0000000087900000, 0x0000000087900000| Complete 
| 122|0x0000000087a00000, 0x0000000087b00000, 0x0000000087b00000|100%| E|CS|TAMS 0x0000000087a00000, 0x0000000087a00000| Complete 
| 123|0x0000000087b00000, 0x0000000087c00000, 0x0000000087c00000|100%| E|CS|TAMS 0x0000000087b00000, 0x0000000087b00000| Complete 
| 124|0x0000000087c00000, 0x0000000087d00000, 0x0000000087d00000|100%| E|CS|TAMS 0x0000000087c00000, 0x0000000087c00000| Complete 
| 125|0x0000000087d00000, 0x0000000087e00000, 0x0000000087e00000|100%| E|CS|TAMS 0x0000000087d00000, 0x0000000087d00000| Complete 
| 126|0x0000000087e00000, 0x0000000087f00000, 0x0000000087f00000|100%| E|CS|TAMS 0x0000000087e00000, 0x0000000087e00000| Complete 
| 127|0x0000000087f00000, 0x0000000088000000, 0x0000000088000000|100%| E|CS|TAMS 0x0000000087f00000, 0x0000000087f00000| Complete 
| 128|0x0000000088000000, 0x0000000088100000, 0x0000000088100000|100%| E|CS|TAMS 0x0000000088000000, 0x0000000088000000| Complete 
| 129|0x0000000088100000, 0x0000000088200000, 0x0000000088200000|100%| E|CS|TAMS 0x0000000088100000, 0x0000000088100000| Complete 
| 130|0x0000000088200000, 0x0000000088300000, 0x0000000088300000|100%| E|CS|TAMS 0x0000000088200000, 0x0000000088200000| Complete 
| 131|0x0000000088300000, 0x0000000088400000, 0x0000000088400000|100%| E|CS|TAMS 0x0000000088300000, 0x0000000088300000| Complete 
| 132|0x0000000088400000, 0x0000000088500000, 0x0000000088500000|100%| E|CS|TAMS 0x0000000088400000, 0x0000000088400000| Complete 
| 133|0x0000000088500000, 0x0000000088600000, 0x0000000088600000|100%| E|CS|TAMS 0x0000000088500000, 0x0000000088500000| Complete 
| 134|0x0000000088600000, 0x0000000088700000, 0x0000000088700000|100%| E|CS|TAMS 0x0000000088600000, 0x0000000088600000| Complete 
| 135|0x0000000088700000, 0x0000000088800000, 0x0000000088800000|100%| E|CS|TAMS 0x0000000088700000, 0x0000000088700000| Complete 
| 136|0x0000000088800000, 0x0000000088900000, 0x0000000088900000|100%| E|CS|TAMS 0x0000000088800000, 0x0000000088800000| Complete 
| 137|0x0000000088900000, 0x0000000088a00000, 0x0000000088a00000|100%| E|CS|TAMS 0x0000000088900000, 0x0000000088900000| Complete 
| 138|0x0000000088a00000, 0x0000000088b00000, 0x0000000088b00000|100%| E|CS|TAMS 0x0000000088a00000, 0x0000000088a00000| Complete 
| 139|0x0000000088b00000, 0x0000000088c00000, 0x0000000088c00000|100%| E|CS|TAMS 0x0000000088b00000, 0x0000000088b00000| Complete 
| 140|0x0000000088c00000, 0x0000000088d00000, 0x0000000088d00000|100%| E|CS|TAMS 0x0000000088c00000, 0x0000000088c00000| Complete 
| 141|0x0000000088d00000, 0x0000000088e00000, 0x0000000088e00000|100%| E|CS|TAMS 0x0000000088d00000, 0x0000000088d00000| Complete 
| 142|0x0000000088e00000, 0x0000000088f00000, 0x0000000088f00000|100%| E|CS|TAMS 0x0000000088e00000, 0x0000000088e00000| Complete 
| 143|0x0000000088f00000, 0x0000000089000000, 0x0000000089000000|100%| E|CS|TAMS 0x0000000088f00000, 0x0000000088f00000| Complete 
| 144|0x0000000089000000, 0x0000000089100000, 0x0000000089100000|100%| E|CS|TAMS 0x0000000089000000, 0x0000000089000000| Complete 
| 145|0x0000000089100000, 0x0000000089200000, 0x0000000089200000|100%| E|CS|TAMS 0x0000000089100000, 0x0000000089100000| Complete 
| 146|0x0000000089200000, 0x0000000089300000, 0x0000000089300000|100%| E|CS|TAMS 0x0000000089200000, 0x0000000089200000| Complete 
| 147|0x0000000089300000, 0x0000000089400000, 0x0000000089400000|100%| E|CS|TAMS 0x0000000089300000, 0x0000000089300000| Complete 
| 148|0x0000000089400000, 0x0000000089500000, 0x0000000089500000|100%| E|CS|TAMS 0x0000000089400000, 0x0000000089400000| Complete 
| 149|0x0000000089500000, 0x0000000089600000, 0x0000000089600000|100%| E|CS|TAMS 0x0000000089500000, 0x0000000089500000| Complete 
| 150|0x0000000089600000, 0x0000000089700000, 0x0000000089700000|100%| E|CS|TAMS 0x0000000089600000, 0x0000000089600000| Complete 
| 151|0x0000000089700000, 0x0000000089800000, 0x0000000089800000|100%| E|CS|TAMS 0x0000000089700000, 0x0000000089700000| Complete 
| 152|0x0000000089800000, 0x0000000089900000, 0x0000000089900000|100%| E|CS|TAMS 0x0000000089800000, 0x0000000089800000| Complete 
| 153|0x0000000089900000, 0x0000000089a00000, 0x0000000089a00000|100%| E|CS|TAMS 0x0000000089900000, 0x0000000089900000| Complete 

Card table byte_map: [0x000001eb42270000,0x000001eb42670000] _byte_map_base: 0x000001eb41e70000

Marking Bits (Prev, Next): (CMBitMap*) 0x000001eb2f061768, (CMBitMap*) 0x000001eb2f0617a0
 Prev Bits: [0x000001eb42a70000, 0x000001eb44a70000)
 Next Bits: [0x000001eb44a70000, 0x000001eb46a70000)

Polling page: 0x000001eb2d030000

Metaspace:

Usage:
  Non-class:     60.54 MB capacity,    59.57 MB ( 98%) used,   827.62 KB (  1%) free+waste,   169.25 KB ( <1%) overhead. 
      Class:      9.19 MB capacity,     8.62 MB ( 94%) used,   498.19 KB (  5%) free+waste,    78.25 KB ( <1%) overhead. 
       Both:     69.73 MB capacity,    68.20 MB ( 98%) used,     1.29 MB (  2%) free+waste,   247.50 KB ( <1%) overhead. 

Virtual space:
  Non-class space:       62.00 MB reserved,      60.65 MB ( 98%) committed 
      Class space:        1.00 GB reserved,       9.25 MB ( <1%) committed 
             Both:        1.06 GB reserved,      69.90 MB (  6%) committed 

Chunk freelists:
   Non-Class:  47.00 KB
       Class:  0 bytes
        Both:  47.00 KB

MaxMetaspaceSize: 17179869184.00 GB
CompressedClassSpaceSize: 1.00 GB
Initial GC threshold: 20.80 MB
Current GC threshold: 107.13 MB
CDS: off

CodeHeap 'non-profiled nmethods': size=120000Kb used=3358Kb max_used=3358Kb free=116641Kb
 bounds [0x000001eb3a610000, 0x000001eb3a960000, 0x000001eb41b40000]
CodeHeap 'profiled nmethods': size=120000Kb used=13785Kb max_used=13785Kb free=106214Kb
 bounds [0x000001eb330e0000, 0x000001eb33e60000, 0x000001eb3a610000]
CodeHeap 'non-nmethods': size=5760Kb used=2348Kb max_used=2387Kb free=3411Kb
 bounds [0x000001eb32b40000, 0x000001eb32db0000, 0x000001eb330e0000]
 total_blobs=7468 nmethods=6603 adapters=777
 compilation: enabled
              stopped_count=0, restarted_count=0
 full_count=0

Compilation events (20 events):
Event: 14.373 Thread 0x000001eb494e9000 6710       2       org.gradle.api.internal.tasks.DefaultTaskContainer_Decorated::getMutationGuard (39 bytes)
Event: 14.373 Thread 0x000001eb494e9000 nmethod 6710 0x000001eb33e4d610 code [0x000001eb33e4d820, 0x000001eb33e4dba8]
Event: 14.375 Thread 0x000001eb494e9000 6711       2       org.gradle.internal.ImmutableActionSet::<init> (5 bytes)
Event: 14.375 Thread 0x000001eb494e9000 nmethod 6711 0x000001eb33e4dd90 code [0x000001eb33e4df40, 0x000001eb33e4e038]
Event: 14.376 Thread 0x000001eb494e9000 6712       2       com.google.common.collect.ImmutableSet$Builder::add (6 bytes)
Event: 14.376 Thread 0x000001eb494e9000 nmethod 6712 0x000001eb33e4e110 code [0x000001eb33e4e2c0, 0x000001eb33e4e3e8]
Event: 14.394 Thread 0x000001eb494e0000 nmethod 6572 0x000001eb3a94da10 code [0x000001eb3a94dee0, 0x000001eb3a9534c8]
Event: 14.395 Thread 0x000001eb494e0000 6407       4       java.util.TreeMap::put (247 bytes)
Event: 14.406 Thread 0x000001eb494e9000 6713       1       org.gradle.api.internal.DefaultNamedDomainObjectCollection$AbstractNamedDomainObjectProvider::getName (5 bytes)
Event: 14.406 Thread 0x000001eb494e9000 nmethod 6713 0x000001eb3a956390 code [0x000001eb3a956540, 0x000001eb3a9565f8]
Event: 14.427 Thread 0x000001eb494e9000 6715       3       org.gradle.api.internal.provider.AbstractMinimalProvider::asSupplier (96 bytes)
Event: 14.430 Thread 0x000001eb494e9000 nmethod 6715 0x000001eb33e4e490 code [0x000001eb33e4e820, 0x000001eb33e50208]
Event: 14.431 Thread 0x000001eb494e9000 6716       3       org.gradle.api.internal.AbstractMutationGuard::withMutationDisabled (7 bytes)
Event: 14.431 Thread 0x000001eb494e9000 nmethod 6716 0x000001eb33e50990 code [0x000001eb33e50b40, 0x000001eb33e50d08]
Event: 14.431 Thread 0x000001eb494e9000 6717       3       org.gradle.api.internal.DefaultMutationGuard::newActionWithMutation (11 bytes)
Event: 14.431 Thread 0x000001eb494e9000 nmethod 6717 0x000001eb33e50d90 code [0x000001eb33e50f60, 0x000001eb33e51238]
Event: 14.432 Thread 0x000001eb494e9000 6718       3       org.gradle.api.internal.provider.DefaultProperty::set (42 bytes)
Event: 14.433 Thread 0x000001eb494e9000 nmethod 6718 0x000001eb33e51390 code [0x000001eb33e51600, 0x000001eb33e52338]
Event: 14.435 Thread 0x000001eb494e9000 6719       1       org.gradle.api.internal.DefaultNamedDomainObjectCollection$AbstractNamedDomainObjectProvider::getType (5 bytes)
Event: 14.435 Thread 0x000001eb494e9000 nmethod 6719 0x000001eb3a956690 code [0x000001eb3a956840, 0x000001eb3a9568f8]

GC Heap History (20 events):
Event: 3.875 GC heap before
{Heap before GC invocations=2 (full 0):
 garbage-first heap   total 131072K, used 45142K [0x0000000080000000, 0x0000000100000000)
  region size 1024K, 39 young (39936K), 10 survivors (10240K)
 Metaspace       used 20769K, capacity 21125K, committed 21296K, reserved 1069056K
  class space    used 2529K, capacity 2688K, committed 2688K, reserved 1048576K
}
Event: 3.885 GC heap after
{Heap after GC invocations=3 (full 0):
 garbage-first heap   total 131072K, used 17444K [0x0000000080000000, 0x0000000100000000)
  region size 1024K, 2 young (2048K), 2 survivors (2048K)
 Metaspace       used 20769K, capacity 21125K, committed 21296K, reserved 1069056K
  class space    used 2529K, capacity 2688K, committed 2688K, reserved 1048576K
}
Event: 4.874 GC heap before
{Heap before GC invocations=4 (full 0):
 garbage-first heap   total 131072K, used 72740K [0x0000000080000000, 0x0000000100000000)
  region size 1024K, 56 young (57344K), 2 survivors (2048K)
 Metaspace       used 26574K, capacity 27175K, committed 27264K, reserved 1073152K
  class space    used 3443K, capacity 3670K, committed 3712K, reserved 1048576K
}
Event: 4.878 GC heap after
{Heap after GC invocations=5 (full 0):
 garbage-first heap   total 131072K, used 19341K [0x0000000080000000, 0x0000000100000000)
  region size 1024K, 3 young (3072K), 3 survivors (3072K)
 Metaspace       used 26574K, capacity 27175K, committed 27264K, reserved 1073152K
  class space    used 3443K, capacity 3670K, committed 3712K, reserved 1048576K
}
Event: 6.284 GC heap before
{Heap before GC invocations=5 (full 0):
 garbage-first heap   total 131072K, used 79757K [0x0000000080000000, 0x0000000100000000)
  region size 1024K, 63 young (64512K), 3 survivors (3072K)
 Metaspace       used 35159K, capacity 35969K, committed 36048K, reserved 1081344K
  class space    used 4528K, capacity 4838K, committed 4864K, reserved 1048576K
}
Event: 6.296 GC heap after
{Heap after GC invocations=6 (full 0):
 garbage-first heap   total 131072K, used 22807K [0x0000000080000000, 0x0000000100000000)
  region size 1024K, 7 young (7168K), 7 survivors (7168K)
 Metaspace       used 35159K, capacity 35969K, committed 36048K, reserved 1081344K
  class space    used 4528K, capacity 4838K, committed 4864K, reserved 1048576K
}
Event: 7.428 GC heap before
{Heap before GC invocations=7 (full 0):
 garbage-first heap   total 131072K, used 87319K [0x0000000080000000, 0x0000000100000000)
  region size 1024K, 68 young (69632K), 7 survivors (7168K)
 Metaspace       used 39792K, capacity 40733K, committed 40860K, reserved 1085440K
  class space    used 5040K, capacity 5374K, committed 5376K, reserved 1048576K
}
Event: 7.441 GC heap after
{Heap after GC invocations=8 (full 0):
 garbage-first heap   total 131072K, used 27978K [0x0000000080000000, 0x0000000100000000)
  region size 1024K, 9 young (9216K), 9 survivors (9216K)
 Metaspace       used 39792K, capacity 40733K, committed 40860K, reserved 1085440K
  class space    used 5040K, capacity 5374K, committed 5376K, reserved 1048576K
}
Event: 8.716 GC heap before
{Heap before GC invocations=8 (full 0):
 garbage-first heap   total 131072K, used 90442K [0x0000000080000000, 0x0000000100000000)
  region size 1024K, 70 young (71680K), 9 survivors (9216K)
 Metaspace       used 45537K, capacity 46628K, committed 46876K, reserved 1089536K
  class space    used 5784K, capacity 6180K, committed 6272K, reserved 1048576K
}
Event: 8.726 GC heap after
{Heap after GC invocations=9 (full 0):
 garbage-first heap   total 157696K, used 30260K [0x0000000080000000, 0x0000000100000000)
  region size 1024K, 3 young (3072K), 3 survivors (3072K)
 Metaspace       used 45537K, capacity 46628K, committed 46876K, reserved 1089536K
  class space    used 5784K, capacity 6180K, committed 6272K, reserved 1048576K
}
Event: 10.468 GC heap before
{Heap before GC invocations=9 (full 0):
 garbage-first heap   total 157696K, used 110132K [0x0000000080000000, 0x0000000100000000)
  region size 1024K, 77 young (78848K), 3 survivors (3072K)
 Metaspace       used 49073K, capacity 50473K, committed 50716K, reserved 1093632K
  class space    used 6201K, capacity 6701K, committed 6784K, reserved 1048576K
}
Event: 10.477 GC heap after
{Heap after GC invocations=10 (full 0):
 garbage-first heap   total 157696K, used 42140K [0x0000000080000000, 0x0000000100000000)
  region size 1024K, 10 young (10240K), 10 survivors (10240K)
 Metaspace       used 49073K, capacity 50473K, committed 50716K, reserved 1093632K
  class space    used 6201K, capacity 6701K, committed 6784K, reserved 1048576K
}
Event: 12.012 GC heap before
{Heap before GC invocations=10 (full 0):
 garbage-first heap   total 157696K, used 111772K [0x0000000080000000, 0x0000000100000000)
  region size 1024K, 78 young (79872K), 10 survivors (10240K)
 Metaspace       used 58689K, capacity 60205K, committed 60316K, reserved 1101824K
  class space    used 7348K, capacity 7872K, committed 7936K, reserved 1048576K
}
Event: 12.022 GC heap after
{Heap after GC invocations=11 (full 0):
 garbage-first heap   total 157696K, used 45080K [0x0000000080000000, 0x0000000100000000)
  region size 1024K, 3 young (3072K), 3 survivors (3072K)
 Metaspace       used 58689K, capacity 60205K, committed 60316K, reserved 1101824K
  class space    used 7348K, capacity 7872K, committed 7936K, reserved 1048576K
}
Event: 12.046 GC heap before
{Heap before GC invocations=11 (full 0):
 garbage-first heap   total 157696K, used 45080K [0x0000000080000000, 0x0000000100000000)
  region size 1024K, 4 young (4096K), 3 survivors (3072K)
 Metaspace       used 58993K, capacity 60496K, committed 60572K, reserved 1101824K
  class space    used 7384K, capacity 7905K, committed 7936K, reserved 1048576K
}
Event: 12.051 GC heap after
{Heap after GC invocations=12 (full 0):
 garbage-first heap   total 157696K, used 44704K [0x0000000080000000, 0x0000000100000000)
  region size 1024K, 3 young (3072K), 3 survivors (3072K)
 Metaspace       used 58993K, capacity 60496K, committed 60572K, reserved 1101824K
  class space    used 7384K, capacity 7905K, committed 7936K, reserved 1048576K
}
Event: 13.066 GC heap before
{Heap before GC invocations=13 (full 0):
 garbage-first heap   total 157696K, used 110240K [0x0000000080000000, 0x0000000100000000)
  region size 1024K, 61 young (62464K), 3 survivors (3072K)
 Metaspace       used 64179K, capacity 65727K, committed 65820K, reserved 1105920K
  class space    used 8016K, capacity 8574K, committed 8576K, reserved 1048576K
}
Event: 13.078 GC heap after
{Heap after GC invocations=14 (full 0):
 garbage-first heap   total 157696K, used 50116K [0x0000000080000000, 0x0000000100000000)
  region size 1024K, 8 young (8192K), 8 survivors (8192K)
 Metaspace       used 64179K, capacity 65727K, committed 65820K, reserved 1105920K
  class space    used 8016K, capacity 8574K, committed 8576K, reserved 1048576K
}
Event: 13.793 GC heap before
{Heap before GC invocations=15 (full 0):
 garbage-first heap   total 157696K, used 108484K [0x0000000080000000, 0x0000000100000000)
  region size 1024K, 65 young (66560K), 8 survivors (8192K)
 Metaspace       used 66440K, capacity 67998K, committed 68252K, reserved 1107968K
  class space    used 8345K, capacity 8891K, committed 8960K, reserved 1048576K
}
Event: 13.802 GC heap after
{Heap after GC invocations=16 (full 0):
 garbage-first heap   total 157696K, used 54226K [0x0000000080000000, 0x0000000100000000)
  region size 1024K, 5 young (5120K), 5 survivors (5120K)
 Metaspace       used 66440K, capacity 67998K, committed 68252K, reserved 1107968K
  class space    used 8345K, capacity 8891K, committed 8960K, reserved 1048576K
}

Deoptimization events (20 events):
Event: 13.444 Thread 0x000001eb4abe5800 DEOPT PACKING pc=0x000001eb3a73ee28 sp=0x000000d6c70f6300
Event: 13.444 Thread 0x000001eb4abe5800 DEOPT UNPACKING pc=0x000001eb32b8a1af sp=0x000000d6c70f61e8 mode 2
Event: 13.444 Thread 0x000001eb4abe5800 Uncommon trap: trap_request=0xffffff4d fr.pc=0x000001eb3a61ced4 relative=0x0000000000000034
Event: 13.444 Thread 0x000001eb4abe5800 Uncommon trap: reason=unstable_if action=reinterpret pc=0x000001eb3a61ced4 method=java.lang.StringLatin1.canEncode(I)Z @ 4 c2
Event: 13.444 Thread 0x000001eb4abe5800 DEOPT PACKING pc=0x000001eb3a61ced4 sp=0x000000d6c70f61f0
Event: 13.445 Thread 0x000001eb4abe5800 DEOPT UNPACKING pc=0x000001eb32b8a1af sp=0x000000d6c70f6180 mode 2
Event: 13.580 Thread 0x000001eb4abe5800 Uncommon trap: trap_request=0xffffff4d fr.pc=0x000001eb3a8caf0c relative=0x0000000000000bcc
Event: 13.580 Thread 0x000001eb4abe5800 Uncommon trap: reason=unstable_if action=reinterpret pc=0x000001eb3a8caf0c method=java.lang.ClassLoader.loadClass(Ljava/lang/String;Z)Ljava/lang/Class; @ 29 c2
Event: 13.580 Thread 0x000001eb4abe5800 DEOPT PACKING pc=0x000001eb3a8caf0c sp=0x000000d6c70f6b10
Event: 13.580 Thread 0x000001eb4abe5800 DEOPT UNPACKING pc=0x000001eb32b8a1af sp=0x000000d6c70f6ad8 mode 2
Event: 13.632 Thread 0x000001eb4abe5800 Uncommon trap: trap_request=0xffffff4d fr.pc=0x000001eb3a7adb00 relative=0x0000000000000340
Event: 13.632 Thread 0x000001eb4abe5800 Uncommon trap: reason=unstable_if action=reinterpret pc=0x000001eb3a7adb00 method=java.util.StringJoiner.add(Ljava/lang/CharSequence;)Ljava/util/StringJoiner; @ 33 c2
Event: 13.632 Thread 0x000001eb4abe5800 DEOPT PACKING pc=0x000001eb3a7adb00 sp=0x000000d6c70f5620
Event: 13.632 Thread 0x000001eb4abe5800 DEOPT UNPACKING pc=0x000001eb32b8a1af sp=0x000000d6c70f55d0 mode 2
Event: 13.875 Thread 0x000001eb4abe5800 Uncommon trap: trap_request=0xffffff4d fr.pc=0x000001eb3a7dcc2c relative=0x0000000000005c2c
Event: 13.875 Thread 0x000001eb4abe5800 Uncommon trap: reason=unstable_if action=reinterpret pc=0x000001eb3a7dcc2c method=org.codehaus.groovy.runtime.metaclass.MetaMethodIndex.isOverridden(Lgroovy/lang/MetaMethod;Lgroovy/lang/MetaMethod;)Z @ 33 c2
Event: 13.875 Thread 0x000001eb4abe5800 DEOPT PACKING pc=0x000001eb3a7dcc2c sp=0x000000d6c70f4470
Event: 13.875 Thread 0x000001eb4abe5800 DEOPT UNPACKING pc=0x000001eb32b8a1af sp=0x000000d6c70f4488 mode 2
Event: 14.086 Thread 0x000001eb4abe5800 DEOPT PACKING pc=0x000001eb33cbb4c7 sp=0x000000d6c70f88f0
Event: 14.086 Thread 0x000001eb4abe5800 DEOPT UNPACKING pc=0x000001eb32b8a95e sp=0x000000d6c70f7db0 mode 0

Classes redefined (0 events):
No events

Internal exceptions (20 events):
Event: 13.889 Thread 0x000001eb4abe5800 Exception <a 'java/lang/ClassNotFoundException'{0x0000000088b21b10}: com/android/build/gradle/internal/dsl/BuildType$AgpDecoratedCustomizer> (0x0000000088b21b10) thrown at [./src/hotspot/share/classfile/systemDictionary.cpp, line 231]
Event: 13.892 Thread 0x000001eb4abe5800 Exception <a 'java/lang/ClassNotFoundException'{0x0000000088b837e8}: com/android/build/gradle/internal/dsl/BuildType$AgpDecorated_DecoratedCustomizer> (0x0000000088b837e8) thrown at [./src/hotspot/share/classfile/systemDictionary.cpp, line 231]
Event: 13.902 Thread 0x000001eb4abe5800 Exception <a 'java/lang/ClassNotFoundException'{0x0000000088a66458}: build_btgcm7nc1q3xn4jku7icznf0r$_run_closure1$_closure4BeanInfo> (0x0000000088a66458) thrown at [./src/hotspot/share/classfile/systemDictionary.cpp, line 231]
Event: 13.903 Thread 0x000001eb4abe5800 Exception <a 'java/lang/ClassNotFoundException'{0x0000000088a78c70}: build_btgcm7nc1q3xn4jku7icznf0r$_run_closure1$_closure4Customizer> (0x0000000088a78c70) thrown at [./src/hotspot/share/classfile/systemDictionary.cpp, line 231]
Event: 13.907 Thread 0x000001eb4abe5800 Exception <a 'java/lang/ClassNotFoundException'{0x0000000088aa9fb8}: build_btgcm7nc1q3xn4jku7icznf0r$_run_closure1BeanInfo> (0x0000000088aa9fb8) thrown at [./src/hotspot/share/classfile/systemDictionary.cpp, line 231]
Event: 13.908 Thread 0x000001eb4abe5800 Exception <a 'java/lang/ClassNotFoundException'{0x0000000088abbf78}: build_btgcm7nc1q3xn4jku7icznf0r$_run_closure1Customizer> (0x0000000088abbf78) thrown at [./src/hotspot/share/classfile/systemDictionary.cpp, line 231]
Event: 13.915 Thread 0x000001eb4abe5800 Exception <a 'java/lang/ClassNotFoundException'{0x0000000088921100}: org/gradle/api/JavaVersionBeanInfo> (0x0000000088921100) thrown at [./src/hotspot/share/classfile/systemDictionary.cpp, line 231]
Event: 13.916 Thread 0x000001eb4abe5800 Exception <a 'java/lang/ClassNotFoundException'{0x00000000889500a0}: org/gradle/api/JavaVersionCustomizer> (0x00000000889500a0) thrown at [./src/hotspot/share/classfile/systemDictionary.cpp, line 231]
Event: 13.920 Thread 0x000001eb4abe5800 Exception <a 'java/lang/ClassNotFoundException'{0x00000000889bfb20}: com/android/build/gradle/internal/CompileOptions$AgpDecorated_DecoratedBeanInfo> (0x00000000889bfb20) thrown at [./src/hotspot/share/classfile/systemDictionary.cpp, line 231]
Event: 13.921 Thread 0x000001eb4abe5800 Exception <a 'java/lang/ClassNotFoundException'{0x00000000889de498}: com/android/build/gradle/internal/CompileOptions$AgpDecoratedBeanInfo> (0x00000000889de498) thrown at [./src/hotspot/share/classfile/systemDictionary.cpp, line 231]
Event: 13.922 Thread 0x000001eb4abe5800 Exception <a 'java/lang/ClassNotFoundException'{0x00000000889fa798}: com/android/build/gradle/internal/CompileOptionsBeanInfo> (0x00000000889fa798) thrown at [./src/hotspot/share/classfile/systemDictionary.cpp, line 231]
Event: 13.923 Thread 0x000001eb4abe5800 Exception <a 'java/lang/ClassNotFoundException'{0x0000000088817a38}: com/android/build/gradle/internal/CompileOptionsCustomizer> (0x0000000088817a38) thrown at [./src/hotspot/share/classfile/systemDictionary.cpp, line 231]
Event: 13.924 Thread 0x000001eb4abe5800 Exception <a 'java/lang/ClassNotFoundException'{0x00000000888427e8}: com/android/build/gradle/internal/CompileOptions$AgpDecoratedCustomizer> (0x00000000888427e8) thrown at [./src/hotspot/share/classfile/systemDictionary.cpp, line 231]
Event: 13.925 Thread 0x000001eb4abe5800 Exception <a 'java/lang/ClassNotFoundException'{0x0000000088870190}: com/android/build/gradle/internal/CompileOptions$AgpDecorated_DecoratedCustomizer> (0x0000000088870190) thrown at [./src/hotspot/share/classfile/systemDictionary.cpp, line 231]
Event: 13.949 Thread 0x000001eb4abe5800 Exception <a 'java/lang/ClassNotFoundException'{0x000000008878dd20}: com/android/build/gradle/internal/dsl/ApplicationBuildFeaturesImpl_DecoratedBeanInfo> (0x000000008878dd20) thrown at [./src/hotspot/share/classfile/systemDictionary.cpp, line 231]
Event: 13.950 Thread 0x000001eb4abe5800 Exception <a 'java/lang/ClassNotFoundException'{0x00000000887ad340}: com/android/build/gradle/internal/dsl/ApplicationBuildFeaturesImplBeanInfo> (0x00000000887ad340) thrown at [./src/hotspot/share/classfile/systemDictionary.cpp, line 231]
Event: 13.950 Thread 0x000001eb4abe5800 Exception <a 'java/lang/ClassNotFoundException'{0x00000000887caba8}: com/android/build/gradle/internal/dsl/BuildFeaturesImplBeanInfo> (0x00000000887caba8) thrown at [./src/hotspot/share/classfile/systemDictionary.cpp, line 231]
Event: 13.951 Thread 0x000001eb4abe5800 Exception <a 'java/lang/ClassNotFoundException'{0x00000000887e86f0}: com/android/build/gradle/internal/dsl/BuildFeaturesImplCustomizer> (0x00000000887e86f0) thrown at [./src/hotspot/share/classfile/systemDictionary.cpp, line 231]
Event: 13.952 Thread 0x000001eb4abe5800 Exception <a 'java/lang/ClassNotFoundException'{0x0000000088613a68}: com/android/build/gradle/internal/dsl/ApplicationBuildFeaturesImplCustomizer> (0x0000000088613a68) thrown at [./src/hotspot/share/classfile/systemDictionary.cpp, line 231]
Event: 13.953 Thread 0x000001eb4abe5800 Exception <a 'java/lang/ClassNotFoundException'{0x000000008863a8c8}: com/android/build/gradle/internal/dsl/ApplicationBuildFeaturesImpl_DecoratedCustomizer> (0x000000008863a8c8) thrown at [./src/hotspot/share/classfile/systemDictionary.cpp, line 231]

Events (20 events):
Event: 14.456 loading class com/android/build/gradle/tasks/ProcessPackagedManifestTask$CreationAction$handleProvider$1
Event: 14.456 loading class com/android/build/gradle/tasks/ProcessPackagedManifestTask$CreationAction$handleProvider$1 done
Event: 14.456 loading class com/android/build/gradle/tasks/ProcessPackagedManifestTask$CreationAction$handleProvider$2
Event: 14.456 loading class com/android/build/gradle/tasks/ProcessPackagedManifestTask$CreationAction$handleProvider$2 done
Event: 14.458 loading class com/android/build/gradle/tasks/GenerateManifestJarTask$CreationAction
Event: 14.458 loading class com/android/build/gradle/tasks/GenerateManifestJarTask$CreationAction done
Event: 14.459 loading class com/android/build/gradle/tasks/GenerateManifestJarTask
Event: 14.459 loading class com/android/build/gradle/tasks/GenerateManifestJarTask done
Event: 14.461 loading class com/android/build/gradle/tasks/GenerateManifestJarTask$CreationAction$handleProvider$1
Event: 14.461 loading class com/android/build/gradle/tasks/GenerateManifestJarTask$CreationAction$handleProvider$1 done
Event: 14.462 loading class com/android/build/gradle/tasks/ProcessApplicationManifest$CreationAction
Event: 14.462 loading class com/android/build/gradle/tasks/ProcessApplicationManifest$CreationAction done
Event: 14.464 loading class com/android/build/gradle/tasks/ProcessApplicationManifest
Event: 14.464 loading class com/android/build/gradle/tasks/ProcessApplicationManifest done
Event: 14.465 loading class com/android/build/gradle/tasks/ManifestProcessorTask
Event: 14.465 loading class com/android/build/gradle/tasks/ManifestProcessorTask done
Event: 14.466 loading class com/android/build/gradle/tasks/ProcessApplicationManifest$CreationAction$handleProvider$1
Event: 14.466 loading class com/android/build/gradle/tasks/ProcessApplicationManifest$CreationAction$handleProvider$1 done
Event: 14.469 loading class com/android/build/gradle/tasks/ProcessApplicationManifest$CreationAction$handleProvider$2
Event: 14.469 loading class com/android/build/gradle/tasks/ProcessApplicationManifest$CreationAction$handleProvider$2 done


Dynamic libraries:
0x00007ff643a80000 - 0x00007ff643a8a000 	D:\Android\jre\bin\java.exe
0x00007fffb3d10000 - 0x00007fffb3f08000 	C:\WINDOWS\SYSTEM32\ntdll.dll
0x00007fffb1d70000 - 0x00007fffb1e2d000 	C:\WINDOWS\System32\KERNEL32.DLL
0x00007fffb19a0000 - 0x00007fffb1c72000 	C:\WINDOWS\System32\KERNELBASE.dll
0x00007fffb1810000 - 0x00007fffb1910000 	C:\WINDOWS\System32\ucrtbase.dll
0x00007fff84c50000 - 0x00007fff84c67000 	D:\Android\jre\bin\VCRUNTIME140.dll
0x00007fff82d20000 - 0x00007fff82d39000 	D:\Android\jre\bin\jli.dll
0x00007fffb2ac0000 - 0x00007fffb2c5d000 	C:\WINDOWS\System32\USER32.dll
0x00007fffa2340000 - 0x00007fffa25da000 	C:\WINDOWS\WinSxS\amd64_microsoft.windows.common-controls_6595b64144ccf1df_6.0.19041.1110_none_60b5254171f9507e\COMCTL32.dll
0x00007fffb1d40000 - 0x00007fffb1d62000 	C:\WINDOWS\System32\win32u.dll
0x00007fffb2080000 - 0x00007fffb211e000 	C:\WINDOWS\System32\msvcrt.dll
0x00007fffb3510000 - 0x00007fffb353b000 	C:\WINDOWS\System32\GDI32.dll
0x00007fffb1650000 - 0x00007fffb175f000 	C:\WINDOWS\System32\gdi32full.dll
0x00007fffb1420000 - 0x00007fffb14bd000 	C:\WINDOWS\System32\msvcp_win.dll
0x00007fffb3540000 - 0x00007fffb3570000 	C:\WINDOWS\System32\IMM32.DLL
0x00007fff75ef0000 - 0x00007fff75f8d000 	D:\Android\jre\bin\msvcp140.dll
0x00007fff55400000 - 0x00007fff55f02000 	D:\Android\jre\bin\server\jvm.dll
0x00007fffb2940000 - 0x00007fffb29ee000 	C:\WINDOWS\System32\ADVAPI32.dll
0x00007fffb1fe0000 - 0x00007fffb207c000 	C:\WINDOWS\System32\sechost.dll
0x00007fffb2680000 - 0x00007fffb27a5000 	C:\WINDOWS\System32\RPCRT4.dll
0x00007fffb2cf0000 - 0x00007fffb2cf8000 	C:\WINDOWS\System32\PSAPI.DLL
0x00007fffa3ac0000 - 0x00007fffa3ae7000 	C:\WINDOWS\SYSTEM32\WINMM.dll
0x00007fffa3af0000 - 0x00007fffa3afa000 	C:\WINDOWS\SYSTEM32\VERSION.dll
0x00007fff9f7c0000 - 0x00007fff9f7c9000 	C:\WINDOWS\SYSTEM32\WSOCK32.dll
0x00007fffb29f0000 - 0x00007fffb2a5b000 	C:\WINDOWS\System32\WS2_32.dll
0x00007fffafcc0000 - 0x00007fffafcd2000 	C:\WINDOWS\SYSTEM32\kernel.appcore.dll
0x00007fffa8e90000 - 0x00007fffa8ea1000 	D:\Android\jre\bin\verify.dll
0x00007fffaf980000 - 0x00007fffafb64000 	C:\WINDOWS\SYSTEM32\DBGHELP.DLL
0x00007fff99330000 - 0x00007fff9935c000 	C:\WINDOWS\SYSTEM32\dbgcore.DLL
0x00007fffb1910000 - 0x00007fffb1992000 	C:\WINDOWS\System32\bcryptPrimitives.dll
0x00007fff84c20000 - 0x00007fff84c49000 	D:\Android\jre\bin\java.dll
0x00007fffac230000 - 0x00007fffac23b000 	D:\Android\jre\bin\jimage.dll
0x00007fff88a60000 - 0x00007fff88a78000 	D:\Android\jre\bin\zip.dll
0x00007fffb3570000 - 0x00007fffb3cb3000 	C:\WINDOWS\System32\SHELL32.dll
0x00007fffaf1d0000 - 0x00007fffaf961000 	C:\WINDOWS\SYSTEM32\windows.storage.dll
0x00007fffb2250000 - 0x00007fffb25a4000 	C:\WINDOWS\System32\combase.dll
0x00007fffb0e80000 - 0x00007fffb0eb0000 	C:\WINDOWS\SYSTEM32\Wldp.dll
0x00007fffb25d0000 - 0x00007fffb267d000 	C:\WINDOWS\System32\SHCORE.dll
0x00007fffb2a60000 - 0x00007fffb2ab5000 	C:\WINDOWS\System32\shlwapi.dll
0x00007fffb1360000 - 0x00007fffb137f000 	C:\WINDOWS\SYSTEM32\profapi.dll
0x00007fff84c00000 - 0x00007fff84c1a000 	D:\Android\jre\bin\net.dll
0x00007fffae660000 - 0x00007fffae76d000 	C:\WINDOWS\SYSTEM32\WINHTTP.dll
0x00007fffb0b70000 - 0x00007fffb0bda000 	C:\WINDOWS\system32\mswsock.dll
0x00007fff84bd0000 - 0x00007fff84be4000 	D:\Android\jre\bin\nio.dll
0x00007fff78470000 - 0x00007fff78497000 	D:\merie\.gradle\native\e1d6ef7f7dcc3fd88c89a11ec53ec762bb8ba0a96d01ffa2cd45eb1d1d8dd5c5\windows-amd64\native-platform.dll
0x00007fff75cd0000 - 0x00007fff75e14000 	D:\merie\.gradle\native\0d407fdbe67a94daf76414ababcb853783967236a71b16ec16e742cd7a986fd3\windows-amd64\native-platform-file-events.dll
0x00007fffab680000 - 0x00007fffab68a000 	D:\Android\jre\bin\management.dll
0x00007fffa93b0000 - 0x00007fffa93bd000 	D:\Android\jre\bin\management_ext.dll
0x00007fffb0d90000 - 0x00007fffb0da8000 	C:\WINDOWS\SYSTEM32\CRYPTSP.dll
0x00007fffb0420000 - 0x00007fffb0454000 	C:\WINDOWS\system32\rsaenh.dll
0x00007fffb14c0000 - 0x00007fffb14e7000 	C:\WINDOWS\System32\bcrypt.dll
0x00007fffb12e0000 - 0x00007fffb130e000 	C:\WINDOWS\SYSTEM32\USERENV.dll
0x00007fffb0d80000 - 0x00007fffb0d8c000 	C:\WINDOWS\SYSTEM32\CRYPTBASE.dll
0x00007fffb0860000 - 0x00007fffb089b000 	C:\WINDOWS\SYSTEM32\IPHLPAPI.DLL
0x00007fffb3cc0000 - 0x00007fffb3cc8000 	C:\WINDOWS\System32\NSI.dll
0x00007fffa3c00000 - 0x00007fffa3c17000 	C:\WINDOWS\SYSTEM32\dhcpcsvc6.DLL
0x00007fffa6500000 - 0x00007fffa651d000 	C:\WINDOWS\SYSTEM32\dhcpcsvc.DLL
0x00007fffb08a0000 - 0x00007fffb096a000 	C:\WINDOWS\SYSTEM32\DNSAPI.dll

dbghelp: loaded successfully - version: 4.0.5 - missing functions: none
symbol engine: initialized successfully - sym options: 0x614 - pdb path: .;D:\Android\jre\bin;C:\WINDOWS\SYSTEM32;C:\WINDOWS\WinSxS\amd64_microsoft.windows.common-controls_6595b64144ccf1df_6.0.19041.1110_none_60b5254171f9507e;D:\Android\jre\bin\server;D:\merie\.gradle\native\e1d6ef7f7dcc3fd88c89a11ec53ec762bb8ba0a96d01ffa2cd45eb1d1d8dd5c5\windows-amd64;D:\merie\.gradle\native\0d407fdbe67a94daf76414ababcb853783967236a71b16ec16e742cd7a986fd3\windows-amd64

VM Arguments:
jvm_args: --add-opens=java.base/java.util=ALL-UNNAMED --add-opens=java.base/java.lang=ALL-UNNAMED --add-opens=java.base/java.lang.invoke=ALL-UNNAMED --add-opens=java.base/java.util=ALL-UNNAMED --add-opens=java.prefs/java.util.prefs=ALL-UNNAMED --add-opens=java.prefs/java.util.prefs=ALL-UNNAMED --add-opens=java.base/java.nio.charset=ALL-UNNAMED --add-opens=java.base/java.net=ALL-UNNAMED --add-opens=java.base/java.util.concurrent.atomic=ALL-UNNAMED -Xmx2048m -Dfile.encoding=UTF-8 -Duser.country=US -Duser.language=en -Duser.variant 
java_command: org.gradle.launcher.daemon.bootstrap.GradleDaemon 7.4
java_class_path (initial): D:\merie\.gradle\wrapper\dists\gradle-7.4-bin\c0gwcg53nkjbqw7r0h0umtfvt\gradle-7.4\lib\gradle-launcher-7.4.jar
Launcher Type: SUN_STANDARD

[Global flags]
     intx CICompilerCount                          = 4                                         {product} {ergonomic}
     uint ConcGCThreads                            = 2                                         {product} {ergonomic}
     uint G1ConcRefinementThreads                  = 8                                         {product} {ergonomic}
   size_t G1HeapRegionSize                         = 1048576                                   {product} {ergonomic}
    uintx GCDrainStackTargetSize                   = 64                                        {product} {ergonomic}
   size_t InitialHeapSize                          = 134217728                                 {product} {ergonomic}
   size_t MarkStackSize                            = 4194304                                   {product} {ergonomic}
   size_t MaxHeapSize                              = 2147483648                                {product} {command line}
   size_t MaxNewSize                               = 1287651328                                {product} {ergonomic}
   size_t MinHeapDeltaBytes                        = 1048576                                   {product} {ergonomic}
    uintx NonNMethodCodeHeapSize                   = 5836300                                {pd product} {ergonomic}
    uintx NonProfiledCodeHeapSize                  = 122910970                              {pd product} {ergonomic}
    uintx ProfiledCodeHeapSize                     = 122910970                              {pd product} {ergonomic}
    uintx ReservedCodeCacheSize                    = 251658240                              {pd product} {ergonomic}
     bool SegmentedCodeCache                       = true                                      {product} {ergonomic}
     bool UseCompressedClassPointers               = true                                 {lp64_product} {ergonomic}
     bool UseCompressedOops                        = true                                 {lp64_product} {ergonomic}
     bool UseG1GC                                  = true                                      {product} {ergonomic}
     bool UseLargePagesIndividualAllocation        = false                                  {pd product} {ergonomic}

Logging:
Log output configuration:
 #0: stdout all=warning uptime,level,tags
 #1: stderr all=off uptime,level,tags

Environment Variables:
CLASSPATH=C:Program Files\Java\JUnit-4.13\junit-4.13.jar;C:C:Program Files\Java\JUnit-4.13\hamcrest-core-1.3-.jar;.
PATH=C:\Program Files\Common Files\Oracle\Java\javapath;C:\Program Files (x86)\Intel\Intel(R) Management Engine Components\iCLS\;C:\Program Files\Intel\Intel(R) Management Engine Components\iCLS\;C:\Windows\system32;C:\Windows;C:\Windows\System32\Wbem;C:\Windows\System32\WindowsPowerShell\v1.0\;C:\Program Files (x86)\Intel\Intel(R) Management Engine Components\DAL;C:\Program Files\Intel\Intel(R) Management Engine Components\DAL;C:\Program Files (x86)\Intel\Intel(R) Management Engine Components\IPT;C:\Program Files\Intel\Intel(R) Management Engine Components\IPT;C:\Program Files (x86)\NVIDIA Corporation\PhysX\Common;C:\Program Files\Intel\WiFi\bin\;C:\Program Files\Common Files\Intel\WirelessCommon\;C:\WINDOWS\system32;C:\WINDOWS;C:\WINDOWS\System32\Wbem;C:\WINDOWS\System32\WindowsPowerShell\v1.0\;C:\WINDOWS\System32\OpenSSH\;C:\Program Files\Git\cmd;C:\Users\merie\AppData\Local\Microsoft\WindowsApps;F:\modelsim_ase\win32aloem;C:\Users\merie\AppData\Local\GitHubDesktop\bin
USERNAME=merie
OS=Windows_NT
PROCESSOR_IDENTIFIER=Intel64 Family 6 Model 142 Stepping 10, GenuineIntel



---------------  S Y S T E M  ---------------

OS: Windows 10 , 64 bit Build 19041 (10.0.19041.1889)
OS uptime: 11 days 0:44 hours

CPU:total 8 (initial active 8) (4 cores per cpu, 2 threads per core) family 6 model 142 stepping 10 microcode 0xb4, cmov, cx8, fxsr, mmx, sse, sse2, sse3, ssse3, sse4.1, sse4.2, popcnt, avx, avx2, aes, clmul, erms, 3dnowpref, lzcnt, ht, tsc, tscinvbit, bmi1, bmi2, adx, fma

Memory: 4k page, system-wide physical 8074M (373M free)
TotalPageFile size 18314M (AvailPageFile size 3M)
current process WorkingSet (physical memory assigned to process): 360M, peak: 360M
current process commit charge ("private bytes"): 399M, peak: 399M

vm_info: OpenJDK 64-Bit Server VM (11.0.13+0-b1751.21-8125866) for windows-amd64 JRE (11.0.13+0-b1751.21-8125866), built on Feb  2 2022 03:00:22 by "builder" with MS VC++ 14.0 (VS2015)

END.
